<?xml version="1.0" encoding="UTF-8"?>
<testng-results ignored="0" total="1" passed="1" failed="0" skipped="0">
  <reporter-output>
  </reporter-output>
  <suite started-at="2024-12-30T11:18:10 IST" name="Default suite" finished-at="2024-12-30T11:18:36 IST" duration-ms="26397">
    <groups>
    </groups>
    <test started-at="2024-12-30T11:18:10 IST" name="Default test" finished-at="2024-12-30T11:18:36 IST" duration-ms="26397">
      <class name="beelittle.test.Place_order_test">
        <test-method is-config="true" signature="setup()[pri:0, instance:beelittle.test.Place_order_test@5b7a5baa]" started-at="2024-12-30T11:18:10 IST" name="setup" finished-at="2024-12-30T11:18:16 IST" duration-ms="6095" status="PASS">
          <reporter-output>
          </reporter-output>
        </test-method> <!-- setup -->
        <test-method signature="placeorder_payment_section()[pri:0, instance:beelittle.test.Place_order_test@5b7a5baa]" started-at="2024-12-30T11:18:16 IST" name="placeorder_payment_section" finished-at="2024-12-30T11:18:36 IST" duration-ms="20214" status="PASS">
          <reporter-output>
          </reporter-output>
        </test-method> <!-- placeorder_payment_section -->
      </class> <!-- beelittle.test.Place_order_test -->
    </test> <!-- Default test -->
  </suite> <!-- Default suite -->
</testng-results>
